[LOG] System::create                           : Header version = 1.10.04. Current version = 1.10.04.
[LOG] SystemI::setOutputInternal               : Setting output to 'FMOD WASAPI Output'
[LOG] Manager::init                            : maxchannels = 1024 studioflags = 00000008 flags 00000000 extradriverdata 0000000000000000.
[LOG] SystemI::init                            : Initialize version=11004 (93853), maxchannels=1024, flags=0x00020000
[LOG] OutputWASAPI::init                       : Mix Format (WAVEFORMATEX): wFormatTag=0xFFFE, nChannels=2, nSamplesPerSec=44100, nAvgBytesPerSec=352800, nBlockAlign=8, wBitsPerSample=32, cbSize=22.
[LOG] OutputWASAPI::init                       : Mix Format (WAVEFORMATEXTENSIBLE): wValidBitsPerSample=32, dwChannelMask=0x00000003, SubFormat=00000003-0000-0010-8000-00AA00389B71.
[LOG] OutputWASAPI::init                       : Output buffer size: 3760 samples, latency: 11.61ms, period: 10.00ms, DSP buffer: 1024 * 4
[WRN] SystemI::init                            : Output requires a sample rate of 44100Hz, resampling will occur.
[LOG] Thread::initThread                       : Init FMOD stream thread. Priority: 2, Stack Size: 65536, Semaphore: No, Sleep Time: 10, Looping: Yes.
[LOG] SystemI::DSPCodecPoolRegister            : register codec pool for pool type 5
[LOG] Thread::initThread                       : Init FMOD mixer thread. Priority: 3, Stack Size: 49152, Semaphore: No, Sleep Time: 0, Looping: Yes.
[LOG] AsyncManager::init                       : manager 00000000403DCC98 isAsync 1 updatePeriod 0.02
[LOG] Thread::initThread                       : Init FMOD Studio update thread. Priority: 0, Stack Size: 65536, Semaphore: No, Sleep Time: 1, Looping: No.
[LOG] AsyncManager::init                       : done
[LOG] PlaybackSystem::init                     : 
[LOG] Thread::initThread                       : Init FMOD Studio sample load thread. Priority: 0, Stack Size: 65536, Semaphore: No, Sleep Time: 1, Looping: No.
[LOG] PlaybackSystem::init                     : done
[LOG] Thread::initThread                       : Init FMOD Studio bank load thread. Priority: 0, Stack Size: 65536, Semaphore: No, Sleep Time: 1, Looping: No.
[LOG] Manager::init                            : done.
[LOG] Manager::readBank                        : fileversion = 100, compatVersion = 99 (oldest = 44, newest = 100)
[LOG] Manager::readBank                        : fileversion = 100, compatVersion = 99 (oldest = 44, newest = 100)
[LOG] PlaybackSystem::acquireMasterBus         : Setting master channel group format to 6
[LOG] SystemI::createSoundInternal             : Create name='', mode=0x02000202
[LOG] SystemI::createSoundInternal             : exinfo->cbsize             = 232
[LOG] SystemI::createSoundInternal             : exinfo->length             = 22048
[LOG] SystemI::createSoundInternal             : exinfo->fileoffset         = 15936
[LOG] SystemI::createSoundInternal             : exinfo->numsubsounds       = 1
[LOG] SystemI::createSoundInternal             : exinfo->inclusionlist      = 000000004D4EF5FC
[LOG] SystemI::createSoundInternal             : exinfo->inclusionlistnum   = 1
[LOG] SystemI::createSoundInternal             : exinfo->suggestedsoundtype = 5
[LOG] SystemI::createSoundInternal             : exinfo->useropen           = 000007FECC2EE310
[LOG] SystemI::createSoundInternal             : exinfo->userclose          = 000007FECC2EE2E0
[LOG] SystemI::createSoundInternal             : exinfo->userread           = 000007FECC2EE3E0
[LOG] SystemI::createSoundInternal             : exinfo->userseek           = 000007FECC2EE490
[LOG] SystemI::createSoundInternal             : exinfo->fileuserdata       = 0000000053EC9308
[LOG] SystemI::createSoundInternal             : exinfo->initialseekpostype = 1
[LOG] SystemI::DSPCodecPoolRegister            : register codec pool for pool type 5
[LOG] SystemI::createSoundInternal             : Sample 0/1: name='punch4', format=2, channels=2, frequency=48000, lengthbytes=2496, lengthpcm=20768, pcmblocksize=0, loopstart=0, loopend=0, mode=0x00000000, channelmask=0x00000000, channelorder=0, peakvolume=0.309143.
[LOG] SystemI::createSoundInternal             : Create name='', mode=0x02000202
[LOG] SystemI::createSoundInternal             : exinfo->cbsize             = 232
[LOG] SystemI::createSoundInternal             : exinfo->length             = 22048
[LOG] SystemI::createSoundInternal             : exinfo->fileoffset         = 15936
[LOG] SystemI::createSoundInternal             : exinfo->numsubsounds       = 1
[LOG] SystemI::createSoundInternal             : exinfo->inclusionlist      = 000000004D4EF5FC
[LOG] SystemI::createSoundInternal             : exinfo->inclusionlistnum   = 1
[LOG] SystemI::createSoundInternal             : exinfo->suggestedsoundtype = 5
[LOG] SystemI::createSoundInternal             : exinfo->useropen           = 000007FECC2EE310
[LOG] SystemI::createSoundInternal             : exinfo->userclose          = 000007FECC2EE2E0
[LOG] SystemI::createSoundInternal             : exinfo->userread           = 000007FECC2EE3E0
[LOG] SystemI::createSoundInternal             : exinfo->userseek           = 000007FECC2EE490
[LOG] SystemI::createSoundInternal             : exinfo->fileuserdata       = 0000000053EC9308
[LOG] SystemI::createSoundInternal             : exinfo->initialseekpostype = 1
[LOG] SystemI::DSPCodecPoolRegister            : register codec pool for pool type 5
[LOG] SystemI::createSoundInternal             : Sample 0/1: name='brapp1', format=2, channels=2, frequency=48000, lengthbytes=3616, lengthpcm=19383, pcmblocksize=0, loopstart=0, loopend=0, mode=0x00000000, channelmask=0x00000000, channelorder=0, peakvolume=0.500366.
[LOG] SystemI::createSoundInternal             : Create name='', mode=0x02000202
[LOG] SystemI::createSoundInternal             : exinfo->cbsize             = 232
[LOG] SystemI::createSoundInternal             : exinfo->length             = 22048
[LOG] SystemI::createSoundInternal             : exinfo->fileoffset         = 15936
[LOG] SystemI::createSoundInternal             : exinfo->numsubsounds       = 1
[LOG] SystemI::createSoundInternal             : exinfo->inclusionlist      = 000000004D4EF5FC
[LOG] SystemI::createSoundInternal             : exinfo->inclusionlistnum   = 1
[LOG] SystemI::createSoundInternal             : exinfo->suggestedsoundtype = 5
[LOG] SystemI::createSoundInternal             : exinfo->useropen           = 000007FECC2EE310
[LOG] SystemI::createSoundInternal             : exinfo->userclose          = 000007FECC2EE2E0
[LOG] SystemI::createSoundInternal             : exinfo->userread           = 000007FECC2EE3E0
[LOG] SystemI::createSoundInternal             : exinfo->userseek           = 000007FECC2EE490
[LOG] SystemI::createSoundInternal             : exinfo->fileuserdata       = 0000000053EC9308
[LOG] SystemI::createSoundInternal             : exinfo->initialseekpostype = 1
[LOG] SystemI::DSPCodecPoolRegister            : register codec pool for pool type 5
[LOG] SystemI::createSoundInternal             : Sample 0/1: name='brapp2', format=2, channels=2, frequency=48000, lengthbytes=5600, lengthpcm=26307, pcmblocksize=0, loopstart=0, loopend=0, mode=0x00000000, channelmask=0x00000000, channelorder=0, peakvolume=0.394409.
[LOG] SystemI::createSoundInternal             : Create name='', mode=0x02000202
[LOG] SystemI::createSoundInternal             : exinfo->cbsize             = 232
[LOG] SystemI::createSoundInternal             : exinfo->length             = 22048
[LOG] SystemI::createSoundInternal             : exinfo->fileoffset         = 15936
[LOG] SystemI::createSoundInternal             : exinfo->numsubsounds       = 1
[LOG] SystemI::createSoundInternal             : exinfo->inclusionlist      = 000000004D4EF5FC
[LOG] SystemI::createSoundInternal             : exinfo->inclusionlistnum   = 1
[LOG] SystemI::createSoundInternal             : exinfo->suggestedsoundtype = 5
[LOG] SystemI::createSoundInternal             : exinfo->useropen           = 000007FECC2EE310
[LOG] SystemI::createSoundInternal             : exinfo->userclose          = 000007FECC2EE2E0
[LOG] SystemI::createSoundInternal             : exinfo->userread           = 000007FECC2EE3E0
[LOG] SystemI::createSoundInternal             : exinfo->userseek           = 000007FECC2EE490
[LOG] SystemI::createSoundInternal             : exinfo->fileuserdata       = 0000000053EC9308
[LOG] SystemI::createSoundInternal             : exinfo->initialseekpostype = 1
[LOG] SystemI::DSPCodecPoolRegister            : register codec pool for pool type 5
[LOG] SystemI::createSoundInternal             : Sample 0/1: name='punch2', format=2, channels=2, frequency=48000, lengthbytes=2464, lengthpcm=19383, pcmblocksize=0, loopstart=0, loopend=0, mode=0x00000000, channelmask=0x00000000, channelorder=0, peakvolume=0.338837.
[LOG] SystemI::createSoundInternal             : Create name='', mode=0x02000202
[LOG] SystemI::createSoundInternal             : exinfo->cbsize             = 232
[LOG] SystemI::createSoundInternal             : exinfo->length             = 22048
[LOG] SystemI::createSoundInternal             : exinfo->fileoffset         = 15936
[LOG] SystemI::createSoundInternal             : exinfo->numsubsounds       = 1
[LOG] SystemI::createSoundInternal             : exinfo->inclusionlist      = 000000004D4EF5FC
[LOG] SystemI::createSoundInternal             : exinfo->inclusionlistnum   = 1
[LOG] SystemI::createSoundInternal             : exinfo->suggestedsoundtype = 5
[LOG] SystemI::createSoundInternal             : exinfo->useropen           = 000007FECC2EE310
[LOG] SystemI::createSoundInternal             : exinfo->userclose          = 000007FECC2EE2E0
[LOG] SystemI::createSoundInternal             : exinfo->userread           = 000007FECC2EE3E0
[LOG] SystemI::createSoundInternal             : exinfo->userseek           = 000007FECC2EE490
[LOG] SystemI::createSoundInternal             : exinfo->fileuserdata       = 0000000053EC9308
[LOG] SystemI::createSoundInternal             : exinfo->initialseekpostype = 1
[LOG] SystemI::DSPCodecPoolRegister            : register codec pool for pool type 5
[LOG] SystemI::createSoundInternal             : Sample 0/1: name='punch5', format=2, channels=2, frequency=48000, lengthbytes=2496, lengthpcm=19383, pcmblocksize=0, loopstart=0, loopend=0, mode=0x00000000, channelmask=0x00000000, channelorder=0, peakvolume=0.379059.
[LOG] SystemI::createSoundInternal             : Create name='', mode=0x02000202
[LOG] SystemI::createSoundInternal             : exinfo->cbsize             = 232
[LOG] SystemI::createSoundInternal             : exinfo->length             = 22048
[LOG] SystemI::createSoundInternal             : exinfo->fileoffset         = 15936
[LOG] SystemI::createSoundInternal             : exinfo->numsubsounds       = 1
[LOG] SystemI::createSoundInternal             : exinfo->inclusionlist      = 000000004D4EF5FC
[LOG] SystemI::createSoundInternal             : exinfo->inclusionlistnum   = 1
[LOG] SystemI::createSoundInternal             : exinfo->suggestedsoundtype = 5
[LOG] SystemI::createSoundInternal             : exinfo->useropen           = 000007FECC2EE310
[LOG] SystemI::createSoundInternal             : exinfo->userclose          = 000007FECC2EE2E0
[LOG] SystemI::createSoundInternal             : exinfo->userread           = 000007FECC2EE3E0
[LOG] SystemI::createSoundInternal             : exinfo->userseek           = 000007FECC2EE490
[LOG] SystemI::createSoundInternal             : exinfo->fileuserdata       = 0000000053EC9308
[LOG] SystemI::createSoundInternal             : exinfo->initialseekpostype = 1
[LOG] SystemI::DSPCodecPoolRegister            : register codec pool for pool type 5
[LOG] SystemI::createSoundInternal             : Sample 0/1: name='punch1', format=2, channels=2, frequency=48000, lengthbytes=2496, lengthpcm=20768, pcmblocksize=0, loopstart=0, loopend=0, mode=0x00000000, channelmask=0x00000000, channelorder=0, peakvolume=0.381775.
[LOG] SystemI::createSoundInternal             : Create name='', mode=0x02000202
[LOG] SystemI::createSoundInternal             : exinfo->cbsize             = 232
[LOG] SystemI::createSoundInternal             : exinfo->length             = 22048
[LOG] SystemI::createSoundInternal             : exinfo->fileoffset         = 15936
[LOG] SystemI::createSoundInternal             : exinfo->numsubsounds       = 1
[LOG] SystemI::createSoundInternal             : exinfo->inclusionlist      = 000000004D4EF5FC
[LOG] SystemI::createSoundInternal             : exinfo->inclusionlistnum   = 1
[LOG] SystemI::createSoundInternal             : exinfo->suggestedsoundtype = 5
[LOG] SystemI::createSoundInternal             : exinfo->useropen           = 000007FECC2EE310
[LOG] SystemI::createSoundInternal             : exinfo->userclose          = 000007FECC2EE2E0
[LOG] SystemI::createSoundInternal             : exinfo->userread           = 000007FECC2EE3E0
[LOG] SystemI::createSoundInternal             : exinfo->userseek           = 000007FECC2EE490
[LOG] SystemI::createSoundInternal             : exinfo->fileuserdata       = 0000000053EC9308
[LOG] SystemI::createSoundInternal             : exinfo->initialseekpostype = 1
[LOG] SystemI::DSPCodecPoolRegister            : register codec pool for pool type 5
[LOG] SystemI::createSoundInternal             : Sample 0/1: name='punch3', format=2, channels=2, frequency=48000, lengthbytes=2528, lengthpcm=19383, pcmblocksize=0, loopstart=0, loopend=0, mode=0x00000000, channelmask=0x00000000, channelorder=0, peakvolume=0.352875.
[LOG] SoundI::release                          :  (000000003C5F3B78)
[LOG] SoundI::release                          :     brapp1 (0000000052835028)
[LOG] SoundI::release                          :  (000000003C5F3168)
[LOG] SoundI::release                          :     brapp2 (0000000052834E88)
[LOG] SoundI::release                          :  (000000003C5F3898)
[LOG] SoundI::release                          :     punch1 (0000000052835508)
[LOG] SoundI::release                          :  (000000003C5F32D8)
[LOG] SoundI::release                          :     punch2 (00000000528349A8)
[LOG] SoundI::release                          :  (000000003C5F2FF8)
[LOG] SoundI::release                          :     punch3 (00000000528356A8)
[LOG] SoundI::release                          :  (000000003C5F2E88)
[LOG] SoundI::release                          :     punch4 (00000000528351C8)
[LOG] SoundI::release                          :  (000000003C5F3A08)
[LOG] SoundI::release                          :     punch5 (0000000052835368)
[LOG] Thread::callback                         : FMOD Studio update thread finished.
[LOG] Thread::callback                         : FMOD Studio bank load thread finished.
[LOG] Thread::callback                         : FMOD Studio sample load thread finished.
[LOG] LiveUpdate::release                      : 
[LOG] LiveUpdate::reset                        : Reset connection (reason Disconnected)
[LOG] Thread::callback                         : FMOD stream thread finished.
[LOG] Thread::callback                         : FMOD mixer thread finished.
[LOG] SystemI::close                           : Closed.
